[com.Mohs10.utility.Log.info(Log.java:23)evel] 2023-06-26 04:35:27.457 [main] Log - This is before test methodsg
[com.Mohs10.utility.Log.info(Log.java:23)evel] 2023-06-26 04:35:36.971 [main] Log - This is After Suite Methodsg
[com.Mohs10.utility.Log.info(Log.java:23)evel] 2023-06-26 04:52:18.858 [main] Log - This is before test methodsg
[com.Mohs10.utility.Log.info(Log.java:23)evel] 2023-06-26 04:52:27.662 [main] Log - This is After Suite Methodsg
[com.Mohs10.utility.Log.info(Log.java:23)evel] 2023-06-26 04:56:36.559 [main] Log - This is before test methodsg
[com.Mohs10.utility.Log.info(Log.java:23)evel] 2023-06-26 04:56:45.818 [main] Log - This is After Suite Methodsg
[com.Mohs10.utility.Log.info(Log.java:23)evel] 2023-06-26 05:05:49.956 [main] Log - This is before test methodsg
[com.Mohs10.utility.Log.startTestCase(Log.java:12)evel] 2023-06-26 05:05:56.130 [main] Log - =====================================---------------------------------Positive Login Test Case--------------------------------- TEST START=========================================sg
[com.Mohs10.utility.Log.info(Log.java:23)evel] 2023-06-26 05:05:56.131 [main] Log - -----------This TC Will login with correct crendentials-----------sg
[com.Mohs10.utility.Log.endTestCase(Log.java:16)evel] 2023-06-26 05:06:18.617 [main] Log - =====================================---------------------------------End of Positive Login Test Case--------------------------------- TEST END=========================================sg
[com.Mohs10.utility.Log.info(Log.java:23)evel] 2023-06-26 05:06:33.279 [main] Log - This is After Suite Methodsg
[com.Mohs10.utility.Log.info(Log.java:23)evel] 2023-06-26 05:18:51.544 [main] Log - This is before test methodsg
[com.Mohs10.utility.Log.startTestCase(Log.java:12)evel] 2023-06-26 05:18:57.135 [main] Log - =====================================---------------------------------Positive Login Test Case--------------------------------- TEST START=========================================sg
[com.Mohs10.utility.Log.info(Log.java:23)evel] 2023-06-26 05:18:57.136 [main] Log - -----------This TC Will login with correct credentials-----------sg
[com.Mohs10.utility.Log.endTestCase(Log.java:16)evel] 2023-06-26 05:19:10.497 [main] Log - =====================================---------------------------------End of Positive Login Test Case--------------------------------- TEST END=========================================sg
[com.Mohs10.utility.Log.info(Log.java:23)evel] 2023-06-26 05:20:15.195 [main] Log - This is After Suite Methodsg
[com.Mohs10.utility.Log.info(Log.java:23)evel] 2023-06-26 18:29:29.459 [main] Log - This is before test methodsg
[com.Mohs10.utility.Log.info(Log.java:23)evel] 2023-06-26 18:29:52.720 [main] Log - This is After Suite Methodsg
[com.Mohs10.utility.Log.info(Log.java:23)evel] 2023-06-27 22:55:14.394 [main] Log - This is before test methodsg
[com.Mohs10.utility.Log.info(Log.java:23)evel] 2023-06-27 22:57:05.105 [main] Log - This is before test methodsg
[com.Mohs10.utility.Log.info(Log.java:23)evel] 2023-06-27 22:58:42.445 [main] Log - This is before test methodsg
[com.Mohs10.utility.Log.startTestCase(Log.java:12)evel] 2023-06-27 22:58:50.571 [main] Log - =====================================---------------------------------Positive Login Test Case--------------------------------- TEST START=========================================sg
[com.Mohs10.utility.Log.info(Log.java:23)evel] 2023-06-27 22:58:50.572 [main] Log - -----------This TC Will login with correct credentials-----------sg
[com.Mohs10.utility.Log.endTestCase(Log.java:16)evel] 2023-06-27 22:59:05.760 [main] Log - =====================================---------------------------------End of Positive Login Test Case--------------------------------- TEST END=========================================sg
[com.Mohs10.utility.Log.info(Log.java:23)evel] 2023-06-27 23:09:48.567 [main] Log - This is before test methodsg
[com.Mohs10.utility.Log.startTestCase(Log.java:12)evel] 2023-06-27 23:09:53.746 [main] Log - =====================================---------------------------------Positive Login Test Case--------------------------------- TEST START=========================================sg
[com.Mohs10.utility.Log.info(Log.java:23)evel] 2023-06-27 23:09:53.747 [main] Log - -----------This TC Will login with correct credentials-----------sg
[com.Mohs10.utility.Log.endTestCase(Log.java:16)evel] 2023-06-27 23:10:07.201 [main] Log - =====================================---------------------------------End of Positive Login Test Case--------------------------------- TEST END=========================================sg
[com.Mohs10.utility.Log.info(Log.java:23)evel] 2023-06-27 23:13:21.649 [main] Log - This is before test methodsg
[com.Mohs10.utility.Log.info(Log.java:23)evel] 2023-06-30 11:22:29.923 [main] Log - This is before test methodsg
[com.Mohs10.utility.Log.startTestCase(Log.java:12)evel] 2023-06-30 11:22:40.971 [main] Log - =====================================---------------------------------Positive Login Test Case--------------------------------- TEST START=========================================sg
[com.Mohs10.utility.Log.info(Log.java:23)evel] 2023-06-30 11:22:40.972 [main] Log - -----------This TC Will login with correct credentials-----------sg
[com.Mohs10.utility.Log.endTestCase(Log.java:16)evel] 2023-06-30 11:22:56.486 [main] Log - =====================================---------------------------------End of Positive Login Test Case--------------------------------- TEST END=========================================sg
[com.Mohs10.utility.Log.info(Log.java:23)evel] 2023-06-30 11:33:37.392 [main] Log - This is After Suite Methodsg
[com.Mohs10.utility.Log.info(Log.java:23)evel] 2023-07-03 11:57:40.787 [main] Log - This is before test methodsg
[com.Mohs10.utility.Log.startTestCase(Log.java:12)evel] 2023-07-03 11:57:49.575 [main] Log - =====================================---------------------------------Positive Login Test Case--------------------------------- TEST START=========================================sg
[com.Mohs10.utility.Log.info(Log.java:23)evel] 2023-07-03 11:57:49.575 [main] Log - -----------This TC Will login with correct credentials-----------sg
[com.Mohs10.utility.Log.endTestCase(Log.java:16)evel] 2023-07-03 11:58:05.707 [main] Log - =====================================---------------------------------End of Positive Login Test Case--------------------------------- TEST END=========================================sg
[com.Mohs10.utility.Log.info(Log.java:23)evel] 2023-07-03 12:08:40.979 [main] Log - This is After Suite Methodsg
[com.Mohs10.utility.Log.info(Log.java:23)evel] 2023-07-03 19:26:26.672 [main] Log - This is before test methodsg
[com.Mohs10.utility.Log.info(Log.java:23)evel] 2023-07-03 19:26:27.541 [main] Log - This is After Suite Methodsg
[com.Mohs10.utility.Log.info(Log.java:23)evel] 2023-07-03 19:51:56.244 [main] Log - This is before test methodsg
[com.Mohs10.utility.Log.info(Log.java:23)evel] 2023-07-03 19:52:16.784 [main] Log - This is After Suite Methodsg
[com.Mohs10.utility.Log.info(Log.java:23)evel] 2023-07-03 19:56:19.278 [main] Log - This is before test methodsg
[com.Mohs10.utility.Log.info(Log.java:23)evel] 2023-07-03 19:56:35.457 [main] Log - This is After Suite Methodsg
[com.Mohs10.utility.Log.info(Log.java:23)evel] 2023-07-03 20:02:27.846 [main] Log - This is before test methodsg
[com.Mohs10.utility.Log.info(Log.java:23)evel] 2023-07-03 20:02:28.717 [main] Log - This is After Suite Methodsg
[com.Mohs10.utility.Log.info(Log.java:23)evel] 2023-07-03 20:02:46.050 [main] Log - This is before test methodsg
[com.Mohs10.utility.Log.info(Log.java:23)evel] 2023-07-03 20:03:02.211 [main] Log - This is After Suite Methodsg
[com.Mohs10.utility.Log.info(Log.java:23)evel] 2023-07-05 10:40:53.787 [main] Log - This is before test methodsg
[com.Mohs10.utility.Log.startTestCase(Log.java:12)evel] 2023-07-05 10:41:03.572 [main] Log - =====================================---------------------------------Positive Login Test Case--------------------------------- TEST START=========================================sg
[com.Mohs10.utility.Log.info(Log.java:23)evel] 2023-07-05 10:41:03.573 [main] Log - -----------This TC Will login with correct credentials-----------sg
[com.Mohs10.utility.Log.endTestCase(Log.java:16)evel] 2023-07-05 10:41:20.486 [main] Log - =====================================---------------------------------End of Positive Login Test Case--------------------------------- TEST END=========================================sg
[com.Mohs10.utility.Log.info(Log.java:23)evel] 2023-07-05 10:52:30.587 [main] Log - This is After Suite Methodsg
[com.Mohs10.utility.Log.info(Log.java:23)evel] 2023-07-06 14:34:32.417 [main] Log - This is before test methodsg
[com.Mohs10.utility.Log.info(Log.java:23)evel] 2023-07-06 14:34:51.914 [main] Log - This is After Suite Methodsg
[com.Mohs10.utility.Log.info(Log.java:23)evel] 2023-07-06 15:17:15.256 [main] Log - This is before test methodsg
[com.Mohs10.utility.Log.info(Log.java:23)evel] 2023-07-06 15:26:29.026 [main] Log - This is After Suite Methodsg
[com.Mohs10.utility.Log.info(Log.java:23)evel] 2023-07-06 18:54:34.023 [main] Log - This is before test methodsg
[com.Mohs10.utility.Log.info(Log.java:23)evel] 2023-07-06 18:56:58.760 [main] Log - This is before test methodsg
[com.Mohs10.utility.Log.info(Log.java:23)evel] 2023-07-06 19:03:55.622 [main] Log - This is before test methodsg
[com.Mohs10.utility.Log.info(Log.java:23)evel] 2023-07-06 19:07:12.874 [main] Log - This is before test methodsg
[com.Mohs10.utility.Log.info(Log.java:23)evel] 2023-07-06 19:10:17.606 [main] Log - This is before test methodsg
[com.Mohs10.utility.Log.startTestCase(Log.java:12)evel] 2023-07-06 19:10:24.933 [main] Log - =====================================---------------------------------Positive Login Test Case--------------------------------- TEST START=========================================sg
[com.Mohs10.utility.Log.info(Log.java:23)evel] 2023-07-06 19:10:24.935 [main] Log - -----------This TC Will login with correct credentials-----------sg
[com.Mohs10.utility.Log.endTestCase(Log.java:16)evel] 2023-07-06 19:10:38.831 [main] Log - =====================================---------------------------------End of Positive Login Test Case--------------------------------- TEST END=========================================sg
[com.Mohs10.utility.Log.info(Log.java:23)evel] 2023-07-06 19:14:35.875 [main] Log - This is After Suite Methodsg
[com.Mohs10.utility.Log.info(Log.java:23)evel] 2023-07-06 19:59:18.116 [main] Log - This is before test methodsg
[com.Mohs10.utility.Log.info(Log.java:23)evel] 2023-07-06 20:05:30.017 [main] Log - This is After Suite Methodsg
[com.Mohs10.utility.Log.info(Log.java:23)evel] 2023-07-06 20:09:25.534 [main] Log - This is before test methodsg
[com.Mohs10.utility.Log.info(Log.java:23)evel] 2023-07-06 20:09:26.461 [main] Log - This is After Suite Methodsg
[com.Mohs10.utility.Log.info(Log.java:23)evel] 2023-07-06 20:22:37.230 [main] Log - This is before test methodsg
[com.Mohs10.utility.Log.info(Log.java:23)evel] 2023-07-06 20:23:06.320 [main] Log - This is After Suite Methodsg
[com.Mohs10.utility.Log.info(Log.java:23)evel] 2023-07-06 20:24:39.646 [main] Log - This is before test methodsg
[com.Mohs10.utility.Log.info(Log.java:23)evel] 2023-07-06 20:25:07.712 [main] Log - This is After Suite Methodsg
[com.Mohs10.utility.Log.info(Log.java:23)evel] 2023-07-06 20:34:16.825 [main] Log - This is before test methodsg
[com.Mohs10.utility.Log.startTestCase(Log.java:12)evel] 2023-07-06 20:34:22.560 [main] Log - =====================================---------------------------------Positive Login Test Case--------------------------------- TEST START=========================================sg
[com.Mohs10.utility.Log.info(Log.java:23)evel] 2023-07-06 20:34:22.560 [main] Log - -----------This TC Will login with correct credentials-----------sg
[com.Mohs10.utility.Log.endTestCase(Log.java:16)evel] 2023-07-06 20:34:38.076 [main] Log - =====================================---------------------------------End of Positive Login Test Case--------------------------------- TEST END=========================================sg
[com.Mohs10.utility.Log.info(Log.java:23)evel] 2023-07-06 20:35:45.390 [main] Log - This is After Suite Methodsg
[com.Mohs10.utility.Log.info(Log.java:23)evel] 2023-07-06 20:48:13.012 [main] Log - This is before test methodsg
[com.Mohs10.utility.Log.startTestCase(Log.java:12)evel] 2023-07-06 20:48:18.487 [main] Log - =====================================---------------------------------Positive Login Test Case--------------------------------- TEST START=========================================sg
[com.Mohs10.utility.Log.info(Log.java:23)evel] 2023-07-06 20:48:18.488 [main] Log - -----------This TC Will login with correct credentials-----------sg
[com.Mohs10.utility.Log.endTestCase(Log.java:16)evel] 2023-07-06 20:48:33.184 [main] Log - =====================================---------------------------------End of Positive Login Test Case--------------------------------- TEST END=========================================sg
[com.Mohs10.utility.Log.info(Log.java:23)evel] 2023-07-06 20:49:43.195 [main] Log - This is After Suite Methodsg
[com.Mohs10.utility.Log.info(Log.java:23)evel] 2023-07-06 20:51:02.361 [main] Log - This is before test methodsg
[com.Mohs10.utility.Log.startTestCase(Log.java:12)evel] 2023-07-06 20:51:07.724 [main] Log - =====================================---------------------------------Positive Login Test Case--------------------------------- TEST START=========================================sg
[com.Mohs10.utility.Log.info(Log.java:23)evel] 2023-07-06 20:51:07.725 [main] Log - -----------This TC Will login with correct credentials-----------sg
[com.Mohs10.utility.Log.endTestCase(Log.java:16)evel] 2023-07-06 20:51:21.742 [main] Log - =====================================---------------------------------End of Positive Login Test Case--------------------------------- TEST END=========================================sg
[com.Mohs10.utility.Log.info(Log.java:23)evel] 2023-07-06 20:52:31.852 [main] Log - This is After Suite Methodsg
[com.Mohs10.utility.Log.info(Log.java:23)evel] 2023-07-06 21:08:21.348 [main] Log - This is before test methodsg
[com.Mohs10.utility.Log.startTestCase(Log.java:12)evel] 2023-07-06 21:08:27.110 [main] Log - =====================================---------------------------------Positive Login Test Case--------------------------------- TEST START=========================================sg
[com.Mohs10.utility.Log.info(Log.java:23)evel] 2023-07-06 21:08:27.111 [main] Log - -----------This TC Will login with correct credentials-----------sg
[com.Mohs10.utility.Log.endTestCase(Log.java:16)evel] 2023-07-06 21:08:42.362 [main] Log - =====================================---------------------------------End of Positive Login Test Case--------------------------------- TEST END=========================================sg
[com.Mohs10.utility.Log.info(Log.java:23)evel] 2023-07-06 21:28:41.874 [main] Log - This is After Suite Methodsg
[com.Mohs10.utility.Log.info(Log.java:23)evel] 2023-07-06 23:43:53.907 [main] Log - This is before test methodsg
[com.Mohs10.utility.Log.startTestCase(Log.java:12)evel] 2023-07-06 23:44:01.761 [main] Log - =====================================---------------------------------Positive Login Test Case--------------------------------- TEST START=========================================sg
[com.Mohs10.utility.Log.info(Log.java:23)evel] 2023-07-06 23:44:01.762 [main] Log - -----------This TC Will login with correct credentials-----------sg
[com.Mohs10.utility.Log.endTestCase(Log.java:16)evel] 2023-07-06 23:44:17.342 [main] Log - =====================================---------------------------------End of Positive Login Test Case--------------------------------- TEST END=========================================sg
[com.Mohs10.utility.Log.info(Log.java:23)evel] 2023-07-07 00:04:15.340 [main] Log - This is After Suite Methodsg
[com.Mohs10.utility.Log.info(Log.java:23)evel] 2023-07-07 00:14:42.300 [main] Log - This is before test methodsg
[com.Mohs10.utility.Log.startTestCase(Log.java:12)evel] 2023-07-07 00:14:47.772 [main] Log - =====================================---------------------------------Positive Login Test Case--------------------------------- TEST START=========================================sg
[com.Mohs10.utility.Log.info(Log.java:23)evel] 2023-07-07 00:14:47.773 [main] Log - -----------This TC Will login with correct credentials-----------sg
[com.Mohs10.utility.Log.info(Log.java:23)evel] 2023-07-07 00:32:29.261 [main] Log - This is before test methodsg
[com.Mohs10.utility.Log.startTestCase(Log.java:12)evel] 2023-07-07 00:32:34.120 [main] Log - =====================================---------------------------------Positive Login Test Case--------------------------------- TEST START=========================================sg
[com.Mohs10.utility.Log.info(Log.java:23)evel] 2023-07-07 00:32:34.121 [main] Log - -----------This TC Will login with correct credentials-----------sg
[com.Mohs10.utility.Log.endTestCase(Log.java:16)evel] 2023-07-07 00:32:47.003 [main] Log - =====================================---------------------------------End of Positive Login Test Case--------------------------------- TEST END=========================================sg
[com.Mohs10.utility.Log.info(Log.java:23)evel] 2023-07-07 00:39:16.527 [main] Log - This is before test methodsg
[com.Mohs10.utility.Log.startTestCase(Log.java:12)evel] 2023-07-07 00:39:21.136 [main] Log - =====================================---------------------------------Positive Login Test Case--------------------------------- TEST START=========================================sg
[com.Mohs10.utility.Log.info(Log.java:23)evel] 2023-07-07 00:39:21.137 [main] Log - -----------This TC Will login with correct credentials-----------sg
[com.Mohs10.utility.Log.endTestCase(Log.java:16)evel] 2023-07-07 00:39:34.381 [main] Log - =====================================---------------------------------End of Positive Login Test Case--------------------------------- TEST END=========================================sg
[com.Mohs10.utility.Log.info(Log.java:23)evel] 2023-07-07 00:58:54.332 [main] Log - This is After Suite Methodsg
[com.Mohs10.utility.Log.info(Log.java:23)evel] 2023-07-07 01:12:48.826 [main] Log - This is before test methodsg
[com.Mohs10.utility.Log.startTestCase(Log.java:12)evel] 2023-07-07 01:12:54.774 [main] Log - =====================================---------------------------------Positive Login Test Case--------------------------------- TEST START=========================================sg
[com.Mohs10.utility.Log.info(Log.java:23)evel] 2023-07-07 01:12:54.774 [main] Log - -----------This TC Will login with correct credentials-----------sg
[com.Mohs10.utility.Log.info(Log.java:23)evel] 2023-07-07 01:16:07.660 [main] Log - This is before test methodsg
[com.Mohs10.utility.Log.info(Log.java:23)evel] 2023-07-07 01:17:34.473 [main] Log - This is before test methodsg
[com.Mohs10.utility.Log.startTestCase(Log.java:12)evel] 2023-07-07 01:17:39.425 [main] Log - =====================================---------------------------------Positive Login Test Case--------------------------------- TEST START=========================================sg
[com.Mohs10.utility.Log.info(Log.java:23)evel] 2023-07-07 01:17:39.426 [main] Log - -----------This TC Will login with correct credentials-----------sg
[com.Mohs10.utility.Log.endTestCase(Log.java:16)evel] 2023-07-07 01:17:51.939 [main] Log - =====================================---------------------------------End of Positive Login Test Case--------------------------------- TEST END=========================================sg
[com.Mohs10.utility.Log.info(Log.java:23)evel] 2023-07-07 01:25:40.527 [main] Log - This is before test methodsg
[com.Mohs10.utility.Log.startTestCase(Log.java:12)evel] 2023-07-07 01:25:45.949 [main] Log - =====================================---------------------------------Positive Login Test Case--------------------------------- TEST START=========================================sg
[com.Mohs10.utility.Log.info(Log.java:23)evel] 2023-07-07 01:25:45.950 [main] Log - -----------This TC Will login with correct credentials-----------sg
[com.Mohs10.utility.Log.endTestCase(Log.java:16)evel] 2023-07-07 01:26:00.152 [main] Log - =====================================---------------------------------End of Positive Login Test Case--------------------------------- TEST END=========================================sg
[com.Mohs10.utility.Log.info(Log.java:23)evel] 2023-07-07 01:37:16.161 [main] Log - This is After Suite Methodsg
[com.Mohs10.utility.Log.info(Log.java:23)evel] 2023-07-07 01:38:40.326 [main] Log - This is before test methodsg
[com.Mohs10.utility.Log.startTestCase(Log.java:12)evel] 2023-07-07 01:38:45.065 [main] Log - =====================================---------------------------------Positive Login Test Case--------------------------------- TEST START=========================================sg
[com.Mohs10.utility.Log.info(Log.java:23)evel] 2023-07-07 01:38:45.065 [main] Log - -----------This TC Will login with correct credentials-----------sg
[com.Mohs10.utility.Log.endTestCase(Log.java:16)evel] 2023-07-07 01:38:58.652 [main] Log - =====================================---------------------------------End of Positive Login Test Case--------------------------------- TEST END=========================================sg
[com.Mohs10.utility.Log.info(Log.java:23)evel] 2023-07-07 01:55:55.080 [main] Log - This is before test methodsg
[com.Mohs10.utility.Log.info(Log.java:23)evel] 2023-07-07 01:58:20.285 [main] Log - This is After Suite Methodsg
[com.Mohs10.utility.Log.info(Log.java:23)evel] 2023-07-07 02:14:20.937 [main] Log - This is After Suite Methodsg
[com.Mohs10.utility.Log.info(Log.java:23)evel] 2023-07-10 15:42:11.131 [main] Log - This is before test methodsg
[com.Mohs10.utility.Log.info(Log.java:23)evel] 2023-07-10 15:42:55.507 [main] Log - This is After Suite Methodsg
[com.Mohs10.utility.Log.info(Log.java:23)evel] 2023-07-10 17:22:05.997 [main] Log - This is before test methodsg
[com.Mohs10.utility.Log.info(Log.java:23)evel] 2023-07-10 17:40:31.014 [main] Log - This is After Suite Methodsg
[com.Mohs10.utility.Log.info(Log.java:23)evel] 2023-07-11 11:21:37.234 [main] Log - This is before test methodsg
[com.Mohs10.utility.Log.info(Log.java:23)evel] 2023-07-11 13:40:20.353 [main] Log - This is before test methodsg
[com.Mohs10.utility.Log.info(Log.java:23)evel] 2023-07-11 13:41:01.906 [main] Log - This is After Suite Methodsg
[com.Mohs10.utility.Log.info(Log.java:23)evel] 2023-07-11 13:42:32.055 [main] Log - This is before test methodsg
[com.Mohs10.utility.Log.info(Log.java:23)evel] 2023-07-11 13:44:58.672 [main] Log - This is before test methodsg
[com.Mohs10.utility.Log.startTestCase(Log.java:12)evel] 2023-07-11 13:45:10.526 [main] Log - =====================================---------------------------------Positive Login Test Case--------------------------------- TEST START=========================================sg
[com.Mohs10.utility.Log.info(Log.java:23)evel] 2023-07-11 13:45:10.527 [main] Log - -----------This TC Will login with correct credentials-----------sg
[com.Mohs10.utility.Log.endTestCase(Log.java:16)evel] 2023-07-11 13:45:25.216 [main] Log - =====================================---------------------------------End of Positive Login Test Case--------------------------------- TEST END=========================================sg
[com.Mohs10.utility.Log.info(Log.java:23)evel] 2023-07-11 13:55:47.781 [main] Log - This is After Suite Methodsg
[com.Mohs10.utility.Log.info(Log.java:23)evel] 2023-07-14 16:26:38.668 [main] Log - This is before test methodsg
[com.Mohs10.utility.Log.startTestCase(Log.java:12)evel] 2023-07-14 16:26:51.501 [main] Log - =====================================---------------------------------Positive Login Test Case--------------------------------- TEST START=========================================sg
[com.Mohs10.utility.Log.info(Log.java:23)evel] 2023-07-14 16:26:51.502 [main] Log - -----------This TC Will login with correct credentials-----------sg
[com.Mohs10.utility.Log.endTestCase(Log.java:16)evel] 2023-07-14 16:27:12.812 [main] Log - =====================================---------------------------------End of Positive Login Test Case--------------------------------- TEST END=========================================sg
[com.Mohs10.utility.Log.info(Log.java:23)evel] 2023-07-14 16:28:09.288 [main] Log - This is After Suite Methodsg
[com.Mohs10.utility.Log.info(Log.java:23)evel] 2023-07-14 16:37:08.576 [main] Log - This is before test methodsg
[com.Mohs10.utility.Log.info(Log.java:23)evel] 2023-07-14 16:37:11.106 [main] Log - This is After Suite Methodsg
[com.Mohs10.utility.Log.info(Log.java:23)evel] 2023-07-14 16:41:45.571 [main] Log - This is before test methodsg
[com.Mohs10.utility.Log.startTestCase(Log.java:12)evel] 2023-07-14 16:41:52.219 [main] Log - =====================================---------------------------------Positive Login Test Case--------------------------------- TEST START=========================================sg
[com.Mohs10.utility.Log.info(Log.java:23)evel] 2023-07-14 16:41:52.220 [main] Log - -----------This TC Will login with correct credentials-----------sg
[com.Mohs10.utility.Log.info(Log.java:23)evel] 2023-07-14 16:42:09.001 [main] Log - This is After Suite Methodsg
[com.Mohs10.utility.Log.info(Log.java:23)evel] 2023-07-14 16:56:19.476 [main] Log - This is before test methodsg
[com.Mohs10.utility.Log.startTestCase(Log.java:12)evel] 2023-07-14 16:56:26.303 [main] Log - =====================================---------------------------------Positive Login Test Case--------------------------------- TEST START=========================================sg
[com.Mohs10.utility.Log.info(Log.java:23)evel] 2023-07-14 16:56:26.304 [main] Log - -----------This TC Will login with correct credentials-----------sg
[com.Mohs10.utility.Log.info(Log.java:23)evel] 2023-07-14 17:07:13.622 [main] Log - This is before test methodsg
[com.Mohs10.utility.Log.startTestCase(Log.java:12)evel] 2023-07-14 17:07:20.047 [main] Log - =====================================---------------------------------Positive Login Test Case--------------------------------- TEST START=========================================sg
[com.Mohs10.utility.Log.info(Log.java:23)evel] 2023-07-14 17:07:20.048 [main] Log - -----------This TC Will login with correct credentials-----------sg
[com.Mohs10.utility.Log.info(Log.java:23)evel] 2023-07-14 17:08:07.084 [main] Log - This is before test methodsg
[com.Mohs10.utility.Log.startTestCase(Log.java:12)evel] 2023-07-14 17:08:13.265 [main] Log - =====================================---------------------------------Positive Login Test Case--------------------------------- TEST START=========================================sg
[com.Mohs10.utility.Log.info(Log.java:23)evel] 2023-07-14 17:08:13.265 [main] Log - -----------This TC Will login with correct credentials-----------sg
[com.Mohs10.utility.Log.info(Log.java:23)evel] 2023-07-14 17:08:39.728 [main] Log - This is After Suite Methodsg
[com.Mohs10.utility.Log.info(Log.java:23)evel] 2023-07-20 13:14:42.680 [main] Log - This is before test methodsg
[com.Mohs10.utility.Log.info(Log.java:23)evel] 2023-07-20 13:15:04.014 [main] Log - This is After Suite Methodsg
[com.Mohs10.utility.Log.info(Log.java:23)evel] 2023-07-20 13:16:01.946 [main] Log - This is before test methodsg
[com.Mohs10.utility.Log.info(Log.java:23)evel] 2023-07-20 13:16:08.073 [main] Log - This is After Suite Methodsg
[com.Mohs10.utility.Log.info(Log.java:23)evel] 2023-07-25 15:34:01.946 [main] Log - This is before test methodsg
[com.Mohs10.utility.Log.info(Log.java:23)evel] 2023-07-25 15:34:07.820 [main] Log - This is After Suite Methodsg
[com.Mohs10.utility.Log.info(Log.java:23)evel] 2023-08-08 16:27:07.698 [main] Log - This is before test methodsg
[com.Mohs10.utility.Log.info(Log.java:23)evel] 2023-08-08 16:30:34.035 [main] Log - This is before test methodsg
[com.Mohs10.utility.Log.info(Log.java:23)evel] 2023-08-08 16:39:49.884 [main] Log - This is After Suite Methodsg
[com.Mohs10.utility.Log.info(Log.java:23)evel] 2023-08-08 16:40:51.150 [main] Log - This is before test methodsg
[com.Mohs10.utility.Log.info(Log.java:23)evel] 2023-08-08 16:43:34.478 [main] Log - This is before test methodsg
[com.Mohs10.utility.Log.info(Log.java:23)evel] 2023-08-08 16:47:29.279 [main] Log - This is before test methodsg
[com.Mohs10.utility.Log.info(Log.java:23)evel] 2023-08-08 16:50:37.238 [main] Log - This is After Suite Methodsg
[com.Mohs10.utility.Log.info(Log.java:23)evel] 2023-08-08 16:55:28.899 [main] Log - This is before test methodsg
[com.Mohs10.utility.Log.info(Log.java:23)evel] 2023-08-08 16:56:09.416 [main] Log - This is before test methodsg
[com.Mohs10.utility.Log.info(Log.java:23)evel] 2023-08-08 16:56:30.224 [main] Log - This is before test methodsg
[com.Mohs10.utility.Log.info(Log.java:23)evel] 2023-08-08 16:59:33.242 [main] Log - This is After Suite Methodsg
[com.Mohs10.utility.Log.info(Log.java:23)evel] 2023-08-08 17:02:48.170 [main] Log - This is before test methodsg
[com.Mohs10.utility.Log.info(Log.java:23)evel] 2023-08-08 17:05:51.721 [main] Log - This is After Suite Methodsg
[com.Mohs10.utility.Log.info(Log.java:23)evel] 2023-08-08 17:16:06.415 [main] Log - This is before test methodsg
[com.Mohs10.utility.Log.info(Log.java:23)evel] 2023-08-08 17:16:09.319 [main] Log - This is After Suite Methodsg
[com.Mohs10.utility.Log.info(Log.java:23)evel] 2023-08-08 17:18:51.387 [main] Log - This is before test methodsg
[com.Mohs10.utility.Log.startTestCase(Log.java:12)evel] 2023-08-08 17:18:59.208 [main] Log - =====================================---------------------------------Positive Login Test Case--------------------------------- TEST START=========================================sg
[com.Mohs10.utility.Log.info(Log.java:23)evel] 2023-08-08 17:18:59.211 [main] Log - -----------This TC Will login with correct credentials-----------sg
[com.Mohs10.utility.Log.info(Log.java:23)evel] 2023-08-08 17:19:16.439 [main] Log - This is After Suite Methodsg
[com.Mohs10.utility.Log.info(Log.java:23)evel] 2023-08-08 17:23:06.181 [main] Log - This is before test methodsg
[com.Mohs10.utility.Log.startTestCase(Log.java:12)evel] 2023-08-08 17:23:11.420 [main] Log - =====================================---------------------------------Positive Login Test Case--------------------------------- TEST START=========================================sg
[com.Mohs10.utility.Log.info(Log.java:23)evel] 2023-08-08 17:23:11.421 [main] Log - -----------This TC Will login with correct credentials-----------sg
[com.Mohs10.utility.Log.startTestCase(Log.java:12)evel] 2023-08-08 17:23:42.008 [main] Log - =====================================---------------------------------Positive Login Test Case--------------------------------- TEST START=========================================sg
[com.Mohs10.utility.Log.info(Log.java:23)evel] 2023-08-08 17:23:42.009 [main] Log - -----------This TC Will login with correct credentials-----------sg
[com.Mohs10.utility.Log.startTestCase(Log.java:12)evel] 2023-08-08 17:24:37.384 [main] Log - =====================================---------------------------------Positive Login Test Case--------------------------------- TEST START=========================================sg
[com.Mohs10.utility.Log.info(Log.java:23)evel] 2023-08-08 17:24:37.388 [main] Log - -----------This TC Will login with correct credentials-----------sg
[com.Mohs10.utility.Log.info(Log.java:23)evel] 2023-08-08 17:25:05.803 [main] Log - This is After Suite Methodsg
[com.Mohs10.utility.Log.info(Log.java:23)evel] 2023-08-08 17:32:54.021 [main] Log - This is before test methodsg
[com.Mohs10.utility.Log.startTestCase(Log.java:12)evel] 2023-08-08 17:33:10.651 [main] Log - =====================================---------------------------------Positive Login Test Case--------------------------------- TEST START=========================================sg
[com.Mohs10.utility.Log.info(Log.java:23)evel] 2023-08-08 17:33:10.652 [main] Log - -----------This TC Will login with correct credentials-----------sg
[com.Mohs10.utility.Log.info(Log.java:23)evel] 2023-08-08 17:33:27.807 [main] Log - This is After Suite Methodsg
[com.Mohs10.utility.Log.info(Log.java:23)evel] 2023-08-08 17:35:17.022 [main] Log - This is before test methodsg
[com.Mohs10.utility.Log.startTestCase(Log.java:12)evel] 2023-08-08 17:35:21.875 [main] Log - =====================================---------------------------------Positive Login Test Case--------------------------------- TEST START=========================================sg
[com.Mohs10.utility.Log.info(Log.java:23)evel] 2023-08-08 17:35:21.878 [main] Log - -----------This TC Will login with correct credentials-----------sg
[com.Mohs10.utility.Log.info(Log.java:23)evel] 2023-08-08 17:35:37.024 [main] Log - This is After Suite Methodsg
[com.Mohs10.utility.Log.info(Log.java:23)evel] 2023-08-08 19:19:57.245 [main] Log - This is before test methodsg
[com.Mohs10.utility.Log.startTestCase(Log.java:12)evel] 2023-08-08 19:20:03.711 [main] Log - =====================================---------------------------------Positive Login Test Case--------------------------------- TEST START=========================================sg
[com.Mohs10.utility.Log.info(Log.java:23)evel] 2023-08-08 19:20:03.714 [main] Log - -----------This TC Will login with correct credentials-----------sg
[com.Mohs10.utility.Log.info(Log.java:23)evel] 2023-08-08 19:20:58.112 [main] Log - This is before test methodsg
[com.Mohs10.utility.Log.startTestCase(Log.java:12)evel] 2023-08-08 19:21:03.165 [main] Log - =====================================---------------------------------Positive Login Test Case--------------------------------- TEST START=========================================sg
[com.Mohs10.utility.Log.info(Log.java:23)evel] 2023-08-08 19:21:03.166 [main] Log - -----------This TC Will login with correct credentials-----------sg
[com.Mohs10.utility.Log.info(Log.java:23)evel] 2023-08-08 19:24:35.517 [main] Log - This is before test methodsg
[com.Mohs10.utility.Log.startTestCase(Log.java:12)evel] 2023-08-08 19:24:39.116 [main] Log - =====================================---------------------------------Positive Login Test Case--------------------------------- TEST START=========================================sg
[com.Mohs10.utility.Log.info(Log.java:23)evel] 2023-08-08 19:24:39.118 [main] Log - -----------This TC Will login with correct credentials-----------sg
[com.Mohs10.utility.Log.info(Log.java:23)evel] 2023-08-08 19:37:42.455 [main] Log - This is before test methodsg
[com.Mohs10.utility.Log.startTestCase(Log.java:12)evel] 2023-08-08 19:37:47.952 [main] Log - =====================================---------------------------------Positive Login Test Case--------------------------------- TEST START=========================================sg
[com.Mohs10.utility.Log.info(Log.java:23)evel] 2023-08-08 19:37:47.952 [main] Log - -----------This TC Will login with correct credentials-----------sg
[com.Mohs10.utility.Log.endTestCase(Log.java:16)evel] 2023-08-08 19:38:01.748 [main] Log - =====================================---------------------------------End of Positive Login Test Case--------------------------------- TEST END=========================================sg
[com.Mohs10.utility.Log.startTestCase(Log.java:12)evel] 2023-08-08 19:40:43.126 [main] Log - =====================================---------------------------------Positive Login Test Case--------------------------------- TEST START=========================================sg
[com.Mohs10.utility.Log.info(Log.java:23)evel] 2023-08-08 19:40:43.127 [main] Log - -----------This TC Will login with correct credentials-----------sg
[com.Mohs10.utility.Log.endTestCase(Log.java:16)evel] 2023-08-08 19:40:55.551 [main] Log - =====================================---------------------------------End of Positive Login Test Case--------------------------------- TEST END=========================================sg
[com.Mohs10.utility.Log.info(Log.java:23)evel] 2023-08-08 19:45:45.309 [main] Log - This is After Suite Methodsg
[com.Mohs10.utility.Log.info(Log.java:23)evel] 2023-08-09 17:50:48.781 [main] Log - This is before test methodsg
[com.Mohs10.utility.Log.startTestCase(Log.java:12)evel] 2023-08-09 17:50:54.516 [main] Log - =====================================---------------------------------Positive Login Test Case--------------------------------- TEST START=========================================sg
[com.Mohs10.utility.Log.info(Log.java:23)evel] 2023-08-09 17:50:54.517 [main] Log - -----------This TC Will login with correct credentials-----------sg
[com.Mohs10.utility.Log.endTestCase(Log.java:16)evel] 2023-08-09 17:51:09.985 [main] Log - =====================================---------------------------------End of Positive Login Test Case--------------------------------- TEST END=========================================sg
[com.Mohs10.utility.Log.startTestCase(Log.java:12)evel] 2023-08-09 17:52:04.809 [main] Log - =====================================---------------------------------Register Test Case with positive values--------------------------------- TEST START=========================================sg
[com.Mohs10.utility.Log.info(Log.java:23)evel] 2023-08-09 17:52:04.809 [main] Log - -----------This TC Will register with correct credentials-----------sg
[com.Mohs10.utility.Log.info(Log.java:23)evel] 2023-08-09 17:52:20.289 [main] Log - This is After Suite Methodsg
[com.Mohs10.utility.Log.info(Log.java:23)evel] 2023-08-09 18:19:33.927 [main] Log - This is before test methodsg
[com.Mohs10.utility.Log.startTestCase(Log.java:12)evel] 2023-08-09 18:19:38.010 [main] Log - =====================================---------------------------------Register Test Case with positive values--------------------------------- TEST START=========================================sg
[com.Mohs10.utility.Log.info(Log.java:23)evel] 2023-08-09 18:19:38.012 [main] Log - -----------This TC Will register with correct credentials-----------sg
[com.Mohs10.utility.Log.info(Log.java:23)evel] 2023-08-09 18:19:57.877 [main] Log - This is After Suite Methodsg
[com.Mohs10.utility.Log.info(Log.java:23)evel] 2023-08-09 18:34:49.475 [main] Log - This is before test methodsg
[com.Mohs10.utility.Log.startTestCase(Log.java:12)evel] 2023-08-09 18:34:52.955 [main] Log - =====================================---------------------------------Register Test Case with positive values--------------------------------- TEST START=========================================sg
[com.Mohs10.utility.Log.info(Log.java:23)evel] 2023-08-09 18:34:52.956 [main] Log - -----------This TC Will register with correct credentials-----------sg
[com.Mohs10.utility.Log.info(Log.java:23)evel] 2023-08-09 18:35:13.118 [main] Log - This is After Suite Methodsg
[com.Mohs10.utility.Log.info(Log.java:23)evel] 2023-08-09 18:36:16.144 [main] Log - This is before test methodsg
[com.Mohs10.utility.Log.startTestCase(Log.java:12)evel] 2023-08-09 18:36:19.922 [main] Log - =====================================---------------------------------Register Test Case with positive values--------------------------------- TEST START=========================================sg
[com.Mohs10.utility.Log.info(Log.java:23)evel] 2023-08-09 18:36:19.923 [main] Log - -----------This TC Will register with correct credentials-----------sg
[com.Mohs10.utility.Log.info(Log.java:23)evel] 2023-08-09 18:38:41.397 [main] Log - This is before test methodsg
[com.Mohs10.utility.Log.startTestCase(Log.java:12)evel] 2023-08-09 18:38:46.193 [main] Log - =====================================---------------------------------Register Test Case with positive values--------------------------------- TEST START=========================================sg
[com.Mohs10.utility.Log.info(Log.java:23)evel] 2023-08-09 18:38:46.194 [main] Log - -----------This TC Will register with correct credentials-----------sg
[com.Mohs10.utility.Log.info(Log.java:23)evel] 2023-08-09 19:22:07.035 [main] Log - This is before test methodsg
[com.Mohs10.utility.Log.startTestCase(Log.java:12)evel] 2023-08-09 19:22:11.988 [main] Log - =====================================---------------------------------Register Test Case with positive values--------------------------------- TEST START=========================================sg
[com.Mohs10.utility.Log.info(Log.java:23)evel] 2023-08-09 19:22:11.989 [main] Log - -----------This TC Will register with correct credentials-----------sg
[com.Mohs10.utility.Log.info(Log.java:23)evel] 2023-08-09 19:22:32.298 [main] Log - This is After Suite Methodsg
[com.Mohs10.utility.Log.info(Log.java:23)evel] 2023-08-09 19:23:46.260 [main] Log - This is before test methodsg
[com.Mohs10.utility.Log.startTestCase(Log.java:12)evel] 2023-08-09 19:23:50.789 [main] Log - =====================================---------------------------------Register Test Case with positive values--------------------------------- TEST START=========================================sg
[com.Mohs10.utility.Log.info(Log.java:23)evel] 2023-08-09 19:23:50.790 [main] Log - -----------This TC Will register with correct credentials-----------sg
[com.Mohs10.utility.Log.endTestCase(Log.java:16)evel] 2023-08-09 19:24:08.266 [main] Log - =====================================---------------------------------End of Register Test Case with Positive values--------------------------------- TEST END=========================================sg
[com.Mohs10.utility.Log.info(Log.java:23)evel] 2023-08-09 19:24:09.422 [main] Log - This is After Suite Methodsg
[com.Mohs10.utility.Log.info(Log.java:23)evel] 2023-08-09 19:26:27.282 [main] Log - This is before test methodsg
[com.Mohs10.utility.Log.startTestCase(Log.java:12)evel] 2023-08-09 19:26:31.328 [main] Log - =====================================---------------------------------Positive Login Test Case--------------------------------- TEST START=========================================sg
[com.Mohs10.utility.Log.info(Log.java:23)evel] 2023-08-09 19:26:31.330 [main] Log - -----------This TC Will login with correct credentials-----------sg
[com.Mohs10.utility.Log.endTestCase(Log.java:16)evel] 2023-08-09 19:26:45.245 [main] Log - =====================================---------------------------------End of Positive Login Test Case--------------------------------- TEST END=========================================sg
[com.Mohs10.utility.Log.startTestCase(Log.java:12)evel] 2023-08-09 19:27:39.292 [main] Log - =====================================---------------------------------Register Test Case with positive values--------------------------------- TEST START=========================================sg
[com.Mohs10.utility.Log.info(Log.java:23)evel] 2023-08-09 19:27:39.292 [main] Log - -----------This TC Will register with correct credentials-----------sg
[com.Mohs10.utility.Log.info(Log.java:23)evel] 2023-08-09 19:27:58.645 [main] Log - This is After Suite Methodsg
[com.Mohs10.utility.Log.info(Log.java:23)evel] 2023-08-09 19:31:43.328 [main] Log - This is before test methodsg
[com.Mohs10.utility.Log.startTestCase(Log.java:12)evel] 2023-08-09 19:31:47.085 [main] Log - =====================================---------------------------------Positive Login Test Case--------------------------------- TEST START=========================================sg
[com.Mohs10.utility.Log.info(Log.java:23)evel] 2023-08-09 19:31:47.085 [main] Log - -----------This TC Will login with correct credentials-----------sg
[com.Mohs10.utility.Log.endTestCase(Log.java:16)evel] 2023-08-09 19:32:01.174 [main] Log - =====================================---------------------------------End of Positive Login Test Case--------------------------------- TEST END=========================================sg
[com.Mohs10.utility.Log.startTestCase(Log.java:12)evel] 2023-08-09 19:32:54.789 [main] Log - =====================================---------------------------------Register Test Case with positive values--------------------------------- TEST START=========================================sg
[com.Mohs10.utility.Log.info(Log.java:23)evel] 2023-08-09 19:32:54.790 [main] Log - -----------This TC Will register with correct credentials-----------sg
[com.Mohs10.utility.Log.endTestCase(Log.java:16)evel] 2023-08-09 19:33:09.041 [main] Log - =====================================---------------------------------End of Register Test Case with Positive values--------------------------------- TEST END=========================================sg
[com.Mohs10.utility.Log.info(Log.java:23)evel] 2023-08-09 19:33:10.986 [main] Log - This is After Suite Methodsg
[com.Mohs10.utility.Log.info(Log.java:23)evel] 2023-08-09 19:44:49.731 [main] Log - This is before test methodsg
[com.Mohs10.utility.Log.info(Log.java:23)evel] 2023-08-09 19:44:50.726 [main] Log - This is After Suite Methodsg
[com.Mohs10.utility.Log.info(Log.java:23)evel] 2023-08-09 19:46:54.705 [main] Log - This is before test methodsg
[com.Mohs10.utility.Log.info(Log.java:23)evel] 2023-08-09 19:46:55.492 [main] Log - This is After Suite Methodsg
[com.Mohs10.utility.Log.info(Log.java:23)evel] 2023-08-09 19:47:08.427 [main] Log - This is before test methodsg
[com.Mohs10.utility.Log.info(Log.java:23)evel] 2023-08-09 19:47:09.266 [main] Log - This is After Suite Methodsg
[com.Mohs10.utility.Log.info(Log.java:23)evel] 2023-08-09 19:47:49.084 [main] Log - This is before test methodsg
[com.Mohs10.utility.Log.info(Log.java:23)evel] 2023-08-09 19:47:50.280 [main] Log - This is After Suite Methodsg
[com.Mohs10.utility.Log.info(Log.java:23)evel] 2023-08-09 19:49:52.802 [main] Log - This is before test methodsg
[com.Mohs10.utility.Log.startTestCase(Log.java:12)evel] 2023-08-09 19:49:57.245 [main] Log - =====================================---------------------------------Positive Login Test Case--------------------------------- TEST START=========================================sg
[com.Mohs10.utility.Log.info(Log.java:23)evel] 2023-08-09 19:49:57.245 [main] Log - -----------This TC Will login with correct credentials-----------sg
[com.Mohs10.utility.Log.endTestCase(Log.java:16)evel] 2023-08-09 19:50:10.852 [main] Log - =====================================---------------------------------End of Positive Login Test Case--------------------------------- TEST END=========================================sg
[com.Mohs10.utility.Log.startTestCase(Log.java:12)evel] 2023-08-09 19:51:05.453 [main] Log - =====================================---------------------------------Register Test Case with positive values--------------------------------- TEST START=========================================sg
[com.Mohs10.utility.Log.info(Log.java:23)evel] 2023-08-09 19:51:05.454 [main] Log - -----------This TC Will register with correct credentials-----------sg
[com.Mohs10.utility.Log.endTestCase(Log.java:16)evel] 2023-08-09 19:51:19.365 [main] Log - =====================================---------------------------------End of Register Test Case with Positive values--------------------------------- TEST END=========================================sg
[com.Mohs10.utility.Log.info(Log.java:23)evel] 2023-08-09 19:52:08.027 [main] Log - This is After Suite Methodsg
[com.Mohs10.utility.Log.info(Log.java:23)evel] 2023-08-09 19:55:58.290 [main] Log - This is before test methodsg
[com.Mohs10.utility.Log.info(Log.java:23)evel] 2023-08-09 19:55:59.659 [main] Log - This is After Suite Methodsg
